*******************************************************************************************
 ::::::::  :::    ::: ::::    ::::  :::::::::  
:+:    :+: :+:    :+: +:+:+: :+:+:+ :+:    :+: 
+:+        +:+    +:+ +:+ +:+:+ +:+ +:+    +:+ 
+#++:++#++ +#+    +:+ +#+  +:+  +#+ +#++:++#+  
       +#+ +#+    +#+ +#+       +#+ +#+            ____ ____ ____ ____ ____ ____ ____
#+#    #+# #+#    #+# #+#       #+# #+#        	   ||S |||u |||m |||m |||a |||r |||y ||  
 ########   ########  ###       ### ###        	   ||__|||__|||__|||__|||__|||__|||__||
										           |/__\|/__\|/__\|/__\|/__\|/__\|/__\|                                                                                             
*******************************************************************************************
													   					    made by Carouan
User settings from : Keyboard_FileName

								Your Raspberry PI was configured.
								  RPi $nbr Model $model Rev $rev
									   CPU : $cpu | RAM : $ram
									OS : $name & Version : $vers
									MAC Address : $mac
										UPDATE  |  UPGRADE

	*-*-*-*-*-*-*-*-*-*-*-*-*-*-*-*-*-*-*-*-*-*-*-*-*-*-*-*-*-*-*-*-*-*-*-*-*-*-*-*-*
										CONFIGURATION	
	*-*-*-*-*-*-*-*-*-*-*-*-*-*-*-*-*-*-*-*-*-*-*-*-*-*-*-*-*-*-*-*-*-*-*-*-*-*-*-*-*
				Before IP : $bip				| New IP : $aip
				Before Rpi Name : $bn  			| New Rpi Name : $an
				Before SSH used port : $bssh	| New SSH used port : $assh 
	*-*-*-*-*-*-*-*-*-*-*-*-*-*-*-*-*-*-*-*-*-*-*-*-*-*-*-*-*-*-*-*-*-*-*-*-*-*-*-*-*
											WIFI NETWORK(s)
	*-*-*-*-*-*-*-*-*-*-*-*-*-*-*-*-*-*-*-*-*-*-*-*-*-*-*-*-*-*-*-*-*-*-*-*-*-*-*-*-*
			WIFI Network(s) set : $wifi_network_number
				1  SSID = $1ssid
					Password = $1pwd
				2  SSID = $2ssid
					Password = $2pwd
	*-*-*-*-*-*-*-*-*-*-*-*-*-*-*-*-*-*-*-*-*-*-*-*-*-*-*-*-*-*-*-*-*-*-*-*-*-*-*-*-*-*-*-*
	----------	BACKUP	---------|----------	MAJ	---------|---------	REBOOT	---------|
	Set on device = $back_place	 | MAJ set  ON - OFF 		 | Reboot set ON - OFF       |
	Every backup_time       	 | Every $majday at $majhour | Every $rebday at $rebhour |

	*-*-*-*-*-*-*-*-*-*-*-*-*-*-*-*-*-*-*-*-*-*-*-*-*-*-*-*-*-*-*-*-*-*-*
				Following aps are installed and working
					No-IP : $noipstatus (green/red)
					Docker : $dockerstatus (green/red)
					Following containers are running :
						$containers_list


