**********************************************************************
								SUMP Log File
**********************************************************************
													   made by Carouan

User settings from : (Entrée clavier)(fichier fourni : nom + url)

				Your Raspberry PI was configured.
					OS : $name & Version : $vers
					MAC Address : $mac

	*-*-*-*-*-*-*-*-*-*-*-*-*-*-*-*-*-*-*-*-*-*-*-*-*-*-*-*-*-*-*-*-*-*-*
	Before IP : $bip				| After IP : $aip
	Before Rpi Name : $bn  			| After Rpi Name : $an
	Before SSH used port : $bssh	| After SSH used port : $assh 
	*-*-*-*-*-*-*-*-*-*-*-*-*-*-*-*-*-*-*-*-*-*-*-*-*-*-*-*-*-*-*-*-*-*-*
	WIFI Network(s) set : $wfnb
		1  SSID = $1ssid
			Password = $1pwd
		2  SSID = $2ssid
			Password = $2pwd
	
	*-*-*-*-*-*-*-*-*-*-*-*-*-*-*-*-*-*-*-*-*-*-*-*-*-*-*-*-*-*-*-*-*-*-*
	----------	BACKUP	---------|----------	MAJ	---------|---------	REBOOT	---------|
	Set on device = $back_place	 | MAJ set  ON - OFF 		 | Reboot set ON - OFF       |
	Every $backday at $backhour	 | Every $majday at $majhour | Every $rebday at $rebhour |

	*-*-*-*-*-*-*-*-*-*-*-*-*-*-*-*-*-*-*-*-*-*-*-*-*-*-*-*-*-*-*-*-*-*-*
				Following aps are installed and working
					No-IP : $noipstatus
					Docker : $dockerstatus


